2018-09-25 11:04:30,867:INFO: Creating the datasets...
2018-09-25 11:04:30,928:INFO: Creating the model...
2018-09-25 11:04:31,803:INFO: Starting training for 10 epoch(s)
2018-09-25 11:04:32,329:INFO: Epoch 1/10
2018-09-25 11:04:38,388:INFO: - Train metrics: accuracy: 0.568 ; loss: 1.165
2018-09-25 11:04:38,925:INFO: - Eval metrics: accuracy: 0.315 ; loss: 2.325
2018-09-25 11:04:39,033:INFO: - Found new best accuracy, saving in experiments/learning_rate/learning_rate_0.001/best_weights/after-epoch-1
2018-09-25 11:04:39,033:INFO: Epoch 2/10
2018-09-25 11:04:44,027:INFO: - Train metrics: accuracy: 0.840 ; loss: 0.523
2018-09-25 11:04:44,541:INFO: - Eval metrics: accuracy: 0.773 ; loss: 0.636
2018-09-25 11:04:44,638:INFO: - Found new best accuracy, saving in experiments/learning_rate/learning_rate_0.001/best_weights/after-epoch-2
2018-09-25 11:04:44,638:INFO: Epoch 3/10
2018-09-25 11:04:49,727:INFO: - Train metrics: accuracy: 0.902 ; loss: 0.339
2018-09-25 11:04:50,199:INFO: - Eval metrics: accuracy: 0.810 ; loss: 0.556
2018-09-25 11:04:50,285:INFO: - Found new best accuracy, saving in experiments/learning_rate/learning_rate_0.001/best_weights/after-epoch-3
2018-09-25 11:04:50,285:INFO: Epoch 4/10
2018-09-25 11:04:55,125:INFO: - Train metrics: accuracy: 0.948 ; loss: 0.215
2018-09-25 11:04:55,570:INFO: - Eval metrics: accuracy: 0.903 ; loss: 0.290
2018-09-25 11:04:55,655:INFO: - Found new best accuracy, saving in experiments/learning_rate/learning_rate_0.001/best_weights/after-epoch-4
2018-09-25 11:04:55,655:INFO: Epoch 5/10
2018-09-25 11:05:00,353:INFO: - Train metrics: accuracy: 0.970 ; loss: 0.152
2018-09-25 11:05:00,804:INFO: - Eval metrics: accuracy: 0.921 ; loss: 0.245
2018-09-25 11:05:00,890:INFO: - Found new best accuracy, saving in experiments/learning_rate/learning_rate_0.001/best_weights/after-epoch-5
2018-09-25 11:05:00,891:INFO: Epoch 6/10
2018-09-25 11:05:05,605:INFO: - Train metrics: accuracy: 0.980 ; loss: 0.109
2018-09-25 11:05:06,059:INFO: - Eval metrics: accuracy: 0.894 ; loss: 0.364
2018-09-25 11:05:06,059:INFO: Epoch 7/10
2018-09-25 11:05:10,939:INFO: - Train metrics: accuracy: 0.981 ; loss: 0.091
2018-09-25 11:05:11,396:INFO: - Eval metrics: accuracy: 0.926 ; loss: 0.226
2018-09-25 11:05:11,481:INFO: - Found new best accuracy, saving in experiments/learning_rate/learning_rate_0.001/best_weights/after-epoch-7
2018-09-25 11:05:11,482:INFO: Epoch 8/10
2018-09-25 11:05:16,460:INFO: - Train metrics: accuracy: 0.991 ; loss: 0.062
2018-09-25 11:05:16,932:INFO: - Eval metrics: accuracy: 0.954 ; loss: 0.119
2018-09-25 11:05:17,018:INFO: - Found new best accuracy, saving in experiments/learning_rate/learning_rate_0.001/best_weights/after-epoch-8
2018-09-25 11:05:17,018:INFO: Epoch 9/10
2018-09-25 11:05:21,829:INFO: - Train metrics: accuracy: 0.991 ; loss: 0.054
2018-09-25 11:05:22,283:INFO: - Eval metrics: accuracy: 0.949 ; loss: 0.167
2018-09-25 11:05:22,283:INFO: Epoch 10/10
2018-09-25 11:05:27,191:INFO: - Train metrics: accuracy: 0.997 ; loss: 0.037
2018-09-25 11:05:27,656:INFO: - Eval metrics: accuracy: 0.954 ; loss: 0.168
2018-09-25 11:05:27,742:INFO: - Found new best accuracy, saving in experiments/learning_rate/learning_rate_0.001/best_weights/after-epoch-10
